<?xml version="1.0" encoding="UTF-8"?>
<testsuite name="CPUTest" tests="1" skipped="0" failures="0" errors="0" timestamp="2025-08-04T05:30:24" hostname="TOWER-DESKTOP" time="0.037">
  <properties/>
  <testcase name="READ_T should allow writing T to any register()" classname="CPUTest" time="0.037"/>
  <system-out><![CDATA[__________
|        |
|        |
|        |
|        |
|        |
|        |
|        |
|        |
----------
__________
|        |
|        |
|        |
|        |
|        |
|        |
|        |
|        |
----------
__________
|        |
|        |
|        |
|        |
|        |
|        |
|        |
|        |
----------
__________
|        |
|        |
|        |
|        |
|        |
|        |
|        |
|        |
----------
__________
|        |
|        |
|        |
|        |
|        |
|        |
|        |
|        |
----------
__________
|        |
|        |
|        |
|        |
|        |
|        |
|        |
|        |
----------
__________
|        |
|        |
|        |
|        |
|        |
|        |
|        |
|        |
----------
__________
|        |
|        |
|        |
|        |
|        |
|        |
|        |
|        |
----------
__________
|        |
|        |
|        |
|        |
|        |
|        |
|        |
|        |
----------
]]></system-out>
  <system-err><![CDATA[]]></system-err>
</testsuite>
